<?xml version="1.0" encoding="UTF-8"?>
<!-- Generated by org.testng.reporters.JUnitReportReporter -->
<testsuite hostname="fabio-mint" name="com.globant.training.ImdbRegisterPageTest" tests="1" failures="0" timestamp="20 May 2013 19:41:42 GMT" time="33.113" errors="0">
  <testcase name="genderRadiosTest" time="33.113" classname="com.globant.training.ImdbRegisterPageTest"/>
</testsuite> <!-- com.globant.training.ImdbRegisterPageTest -->
