<?xml version="1.0" encoding="UTF-8"?>
<!-- Generated by org.testng.reporters.JUnitReportReporter -->
<testsuite hostname="fabio-mint" name="com.globant.training.ImdbRegisterPageTest" tests="1" failures="0" timestamp="21 May 2013 16:51:23 GMT" time="6.490" errors="0">
  <testcase name="shortPasswordMessageTest" time="6.490" classname="com.globant.training.ImdbRegisterPageTest"/>
</testsuite> <!-- com.globant.training.ImdbRegisterPageTest -->
