<?xml version="1.0" encoding="UTF-8"?>
<!-- Generated by org.testng.reporters.JUnitReportReporter -->
<testsuite hostname="fabio-mint" name="com.globant.training.ImdbLoginPageTest" tests="2" failures="0" timestamp="21 May 2013 21:54:55 GMT" time="2.841" errors="0">
  <testcase name="loginProvidersTest" time="0.189" classname="com.globant.training.ImdbLoginPageTest"/>
  <testcase name="loginProvidersTest" time="2.652" classname="com.globant.training.ImdbLoginPageTest"/>
</testsuite> <!-- com.globant.training.ImdbLoginPageTest -->
